Symbol range map extraction starting
Processing 121 files
startProcessing "com/github/escapemc/teammadnessmod/Main.java" md5: a25b0c8602ac379af06a146f4c6c2495
endProcessing "com/github/escapemc/teammadnessmod/Main.java"

startProcessing "com/github/escapemc/teammadnessmod/ModCrafting.java" md5: c1978a0779203e0c5408b3561ebbc36d
endProcessing "com/github/escapemc/teammadnessmod/ModCrafting.java"

startProcessing "com/github/escapemc/teammadnessmod/Reference.java" md5: 2151100067dca5dc89b5e3e21a40b8b5
endProcessing "com/github/escapemc/teammadnessmod/Reference.java"

startProcessing "com/github/escapemc/teammadnessmod/TeamMadnessModArmorTab.java" md5: a7ac46390bff5ab5d3f822ce55892123
endProcessing "com/github/escapemc/teammadnessmod/TeamMadnessModArmorTab.java"

startProcessing "com/github/escapemc/teammadnessmod/TeamMadnessModBlocksTab.java" md5: 55bb68222e5cf232caa438c9a990056d
endProcessing "com/github/escapemc/teammadnessmod/TeamMadnessModBlocksTab.java"

startProcessing "com/github/escapemc/teammadnessmod/TeamMadnessModItemsTab.java" md5: d6a195bd505787b97d4dcceb8e68024a
endProcessing "com/github/escapemc/teammadnessmod/TeamMadnessModItemsTab.java"

startProcessing "com/github/escapemc/teammadnessmod/TeamMadnessModMaterialsTab.java" md5: 675db209e94a04607afb36c4ab089655
endProcessing "com/github/escapemc/teammadnessmod/TeamMadnessModMaterialsTab.java"

startProcessing "com/github/escapemc/teammadnessmod/blocks/black_hole.java" md5: 571a8a964a5ce6733e8274499fa29833
endProcessing "com/github/escapemc/teammadnessmod/blocks/black_hole.java"

startProcessing "com/github/escapemc/teammadnessmod/blocks/bossface88_ore.java" md5: 2313bbf4e37b9f883876e085f5006578
endProcessing "com/github/escapemc/teammadnessmod/blocks/bossface88_ore.java"

startProcessing "com/github/escapemc/teammadnessmod/blocks/cdm.java" md5: 2cdcaba25abbd717bdeafcd708bd1851
endProcessing "com/github/escapemc/teammadnessmod/blocks/cdm.java"

startProcessing "com/github/escapemc/teammadnessmod/blocks/diamondtips_ore.java" md5: c935aee1e04e50c27aae9b95b48ea112
endProcessing "com/github/escapemc/teammadnessmod/blocks/diamondtips_ore.java"

startProcessing "com/github/escapemc/teammadnessmod/blocks/epicbudder22_ore.java" md5: b8bce43704b82e2a9280c5c3d69b920f
endProcessing "com/github/escapemc/teammadnessmod/blocks/epicbudder22_ore.java"

startProcessing "com/github/escapemc/teammadnessmod/blocks/escapemc_ore.java" md5: 020a05ab21ef3d35577da09db38d6b8a
endProcessing "com/github/escapemc/teammadnessmod/blocks/escapemc_ore.java"

startProcessing "com/github/escapemc/teammadnessmod/blocks/ianplaysyt_ore.java" md5: 73c1f78d86669abea819b1b5aa076614
endProcessing "com/github/escapemc/teammadnessmod/blocks/ianplaysyt_ore.java"

startProcessing "com/github/escapemc/teammadnessmod/blocks/jonahjoe2002_ore.java" md5: 23f9bfea22eb30bc2873762e12d542c3
endProcessing "com/github/escapemc/teammadnessmod/blocks/jonahjoe2002_ore.java"

startProcessing "com/github/escapemc/teammadnessmod/blocks/madness_chest.java" md5: 1156f2fb8d3909ccd4261e50b08c5129
endProcessing "com/github/escapemc/teammadnessmod/blocks/madness_chest.java"

startProcessing "com/github/escapemc/teammadnessmod/blocks/madness_furnace.java" md5: 60afc18b3cec4b981f3190fbcd1af807
endProcessing "com/github/escapemc/teammadnessmod/blocks/madness_furnace.java"

startProcessing "com/github/escapemc/teammadnessmod/blocks/madness_ore.java" md5: 7f9f076b5b4f19ad8e6896295f6d071e
endProcessing "com/github/escapemc/teammadnessmod/blocks/madness_ore.java"

startProcessing "com/github/escapemc/teammadnessmod/blocks/ms.java" md5: 27caedef95ed29963f52459c312c7f71
endProcessing "com/github/escapemc/teammadnessmod/blocks/ms.java"

startProcessing "com/github/escapemc/teammadnessmod/blocks/mushrromstew_ore.java" md5: 8f81bc398f036f504aa45104b256be1d
endProcessing "com/github/escapemc/teammadnessmod/blocks/mushrromstew_ore.java"

startProcessing "com/github/escapemc/teammadnessmod/client/gui/GuiBlackHole.java" md5: bb8d04f90bab18b006e1ab423626ac73
endProcessing "com/github/escapemc/teammadnessmod/client/gui/GuiBlackHole.java"

startProcessing "com/github/escapemc/teammadnessmod/client/gui/GuiNickBag.java" md5: b5730988649bfacca4d5dc6b3f73efd5
endProcessing "com/github/escapemc/teammadnessmod/client/gui/GuiNickBag.java"

startProcessing "com/github/escapemc/teammadnessmod/client/gui/gui_madness_chest.java" md5: 6cbf29bb944a09e2775ffd0f155bbf13
endProcessing "com/github/escapemc/teammadnessmod/client/gui/gui_madness_chest.java"

startProcessing "com/github/escapemc/teammadnessmod/container/ContainerBlackHole.java" md5: 7484ae5a6b1890e6b407f6297eb2d21c
endProcessing "com/github/escapemc/teammadnessmod/container/ContainerBlackHole.java"

startProcessing "com/github/escapemc/teammadnessmod/container/ContainerMadnessChest.java" md5: 05bbd542f004cd93dc321b18d7b74d2b
endProcessing "com/github/escapemc/teammadnessmod/container/ContainerMadnessChest.java"

startProcessing "com/github/escapemc/teammadnessmod/container/ContainerNickBag.java" md5: 63b06f44a23105b94ae5add7ae809288
endProcessing "com/github/escapemc/teammadnessmod/container/ContainerNickBag.java"

startProcessing "com/github/escapemc/teammadnessmod/handlers/GuiHandler.java" md5: c3509b0e54ad1c06b37e94e3e45ace4c
endProcessing "com/github/escapemc/teammadnessmod/handlers/GuiHandler.java"

startProcessing "com/github/escapemc/teammadnessmod/hardlib/api/internal/CommonContainer9x5.java" md5: 3c4d5687481cd2bdb0e55d45f3f432ec
endProcessing "com/github/escapemc/teammadnessmod/hardlib/api/internal/CommonContainer9x5.java"

startProcessing "com/github/escapemc/teammadnessmod/hardlib/api/internal/CommonContainerBlackHole.java" md5: df4e4ba98411afeda458519f7ef6e956
endProcessing "com/github/escapemc/teammadnessmod/hardlib/api/internal/CommonContainerBlackHole.java"

startProcessing "com/github/escapemc/teammadnessmod/hardlib/api/internal/CommonContainerRightClickable.java" md5: 11b61dad28d8a918a95e1aa2c3f9d556
endProcessing "com/github/escapemc/teammadnessmod/hardlib/api/internal/CommonContainerRightClickable.java"

startProcessing "com/github/escapemc/teammadnessmod/hardlib/api/inventory/SlotBag.java" md5: f6802e5251cad6ec6076d1aa66836b5e
endProcessing "com/github/escapemc/teammadnessmod/hardlib/api/inventory/SlotBag.java"

startProcessing "com/github/escapemc/teammadnessmod/hardlib/api/inventory/SlotItem.java" md5: caf1f54a4306ed754f0eca66472f8c2b
endProcessing "com/github/escapemc/teammadnessmod/hardlib/api/inventory/SlotItem.java"

startProcessing "com/github/escapemc/teammadnessmod/init/ModBlocks.java" md5: 8d62d838efa906f7e3af056276ca9e9c
endProcessing "com/github/escapemc/teammadnessmod/init/ModBlocks.java"

startProcessing "com/github/escapemc/teammadnessmod/init/ModItems.java" md5: 79cd0b34515423c9aca56afad808a009
endProcessing "com/github/escapemc/teammadnessmod/init/ModItems.java"

startProcessing "com/github/escapemc/teammadnessmod/items/TestBagCapabilities.java" md5: 3cc77afb85c3824bc3e4d9b82782d4e3
endProcessing "com/github/escapemc/teammadnessmod/items/TestBagCapabilities.java"

startProcessing "com/github/escapemc/teammadnessmod/items/ashley_musicnote.java" md5: 7178530a42b3a2542963a37c321a3dc3
endProcessing "com/github/escapemc/teammadnessmod/items/ashley_musicnote.java"

startProcessing "com/github/escapemc/teammadnessmod/items/beef_taco.java" md5: a6efabd18cc3c783d105d50f3309b114
endProcessing "com/github/escapemc/teammadnessmod/items/beef_taco.java"

startProcessing "com/github/escapemc/teammadnessmod/items/bossface88_armor.java" md5: e3f0db88bf1464c22cec1fbe5c926239
endProcessing "com/github/escapemc/teammadnessmod/items/bossface88_armor.java"

startProcessing "com/github/escapemc/teammadnessmod/items/bossface88_axe.java" md5: 980c16d340a004ba14b3d1a7a183964b
endProcessing "com/github/escapemc/teammadnessmod/items/bossface88_axe.java"

startProcessing "com/github/escapemc/teammadnessmod/items/bossface88_hoe.java" md5: 7e8d0e85b4f89b267a93fb8adbe3565b
endProcessing "com/github/escapemc/teammadnessmod/items/bossface88_hoe.java"

startProcessing "com/github/escapemc/teammadnessmod/items/bossface88_ingot.java" md5: 5951138ebebdd1740e8b03a810a42be5
endProcessing "com/github/escapemc/teammadnessmod/items/bossface88_ingot.java"

startProcessing "com/github/escapemc/teammadnessmod/items/bossface88_pickaxe.java" md5: 01ec76f99d2f9ac90d73c286329e0611
endProcessing "com/github/escapemc/teammadnessmod/items/bossface88_pickaxe.java"

startProcessing "com/github/escapemc/teammadnessmod/items/bossface88_shovel.java" md5: 1f846a38e490096eb5d42326b284f124
endProcessing "com/github/escapemc/teammadnessmod/items/bossface88_shovel.java"

startProcessing "com/github/escapemc/teammadnessmod/items/bossface88_sword.java" md5: 07205f2cb7c9a66fd8b3374120d1d512
endProcessing "com/github/escapemc/teammadnessmod/items/bossface88_sword.java"

startProcessing "com/github/escapemc/teammadnessmod/items/chicken_taco.java" md5: 4fad713f1c2cd4e1179ce44c8833f852
endProcessing "com/github/escapemc/teammadnessmod/items/chicken_taco.java"

startProcessing "com/github/escapemc/teammadnessmod/items/choco_taco.java" md5: 53ae703cd2f47c9d578371773b1d86a5
endProcessing "com/github/escapemc/teammadnessmod/items/choco_taco.java"

startProcessing "com/github/escapemc/teammadnessmod/items/dark_matter.java" md5: 53a291694f54269fb1ac8cae4830cc79
endProcessing "com/github/escapemc/teammadnessmod/items/dark_matter.java"

startProcessing "com/github/escapemc/teammadnessmod/items/darkmatter_armor.java" md5: c671a8451dcd11e2938ea275863a1db0
endProcessing "com/github/escapemc/teammadnessmod/items/darkmatter_armor.java"

startProcessing "com/github/escapemc/teammadnessmod/items/darkmatter_axe.java" md5: ec2dfd0b0c5045ec17c43f60cab65c57
endProcessing "com/github/escapemc/teammadnessmod/items/darkmatter_axe.java"

startProcessing "com/github/escapemc/teammadnessmod/items/darkmatter_hoe.java" md5: 393922e2dcb2f59aa861c7baeeb931fb
endProcessing "com/github/escapemc/teammadnessmod/items/darkmatter_hoe.java"

startProcessing "com/github/escapemc/teammadnessmod/items/darkmatter_pickaxe.java" md5: 6fa688d36ed9319b25518f8b61d2dfd1
endProcessing "com/github/escapemc/teammadnessmod/items/darkmatter_pickaxe.java"

startProcessing "com/github/escapemc/teammadnessmod/items/darkmatter_shovel.java" md5: 9a31844bcabbb940dc6a8836f4772857
endProcessing "com/github/escapemc/teammadnessmod/items/darkmatter_shovel.java"

startProcessing "com/github/escapemc/teammadnessmod/items/darkmatter_sword.java" md5: 2176029d6609b89dc3915b9e09ad794e
endProcessing "com/github/escapemc/teammadnessmod/items/darkmatter_sword.java"

startProcessing "com/github/escapemc/teammadnessmod/items/diamondtips_armor.java" md5: 994c8f9ad1313ee48eed008d93078223
endProcessing "com/github/escapemc/teammadnessmod/items/diamondtips_armor.java"

startProcessing "com/github/escapemc/teammadnessmod/items/diamondtips_axe.java" md5: d3491b7c34c82bbac6d2c6319edc95fa
endProcessing "com/github/escapemc/teammadnessmod/items/diamondtips_axe.java"

startProcessing "com/github/escapemc/teammadnessmod/items/diamondtips_hoe.java" md5: c54181ed5c14658c1c8f18a80d91b59a
endProcessing "com/github/escapemc/teammadnessmod/items/diamondtips_hoe.java"

startProcessing "com/github/escapemc/teammadnessmod/items/diamondtips_ingot.java" md5: 4f7ac04a503acd535c1cec661b73c978
endProcessing "com/github/escapemc/teammadnessmod/items/diamondtips_ingot.java"

startProcessing "com/github/escapemc/teammadnessmod/items/diamondtips_pickaxe.java" md5: f5ca12b6f63a0825ae229c9d6b5efbe4
endProcessing "com/github/escapemc/teammadnessmod/items/diamondtips_pickaxe.java"

startProcessing "com/github/escapemc/teammadnessmod/items/diamondtips_shovel.java" md5: 10f00d2aec43893bf2cd9940cc649730
endProcessing "com/github/escapemc/teammadnessmod/items/diamondtips_shovel.java"

startProcessing "com/github/escapemc/teammadnessmod/items/diamondtips_sword.java" md5: 485c3b28692d62d55448d66a5b6fcdaa
endProcessing "com/github/escapemc/teammadnessmod/items/diamondtips_sword.java"

startProcessing "com/github/escapemc/teammadnessmod/items/epicbudder22_armor.java" md5: 9ab70ba8fea466c5fd8761ada558d676
endProcessing "com/github/escapemc/teammadnessmod/items/epicbudder22_armor.java"

startProcessing "com/github/escapemc/teammadnessmod/items/epicbudder22_axe.java" md5: 66bcb8bc5526f2ba1e2cda4e5f538a3a
endProcessing "com/github/escapemc/teammadnessmod/items/epicbudder22_axe.java"

startProcessing "com/github/escapemc/teammadnessmod/items/epicbudder22_hoe.java" md5: 89587c3b486889cbefd939ebfdaa5c23
endProcessing "com/github/escapemc/teammadnessmod/items/epicbudder22_hoe.java"

startProcessing "com/github/escapemc/teammadnessmod/items/epicbudder22_ingot.java" md5: 3becd63c6a8c1bb9726bac541ac59dc2
endProcessing "com/github/escapemc/teammadnessmod/items/epicbudder22_ingot.java"

startProcessing "com/github/escapemc/teammadnessmod/items/epicbudder22_pickaxe.java" md5: 51c9db2f48db62216bbdb77312c03679
endProcessing "com/github/escapemc/teammadnessmod/items/epicbudder22_pickaxe.java"

startProcessing "com/github/escapemc/teammadnessmod/items/epicbudder22_shovel.java" md5: 2667c4af31181076bf9ad0872b87ab26
endProcessing "com/github/escapemc/teammadnessmod/items/epicbudder22_shovel.java"

startProcessing "com/github/escapemc/teammadnessmod/items/epicbudder22_sword.java" md5: 19d57921935b9822bd7987b07cf45e5a
endProcessing "com/github/escapemc/teammadnessmod/items/epicbudder22_sword.java"

startProcessing "com/github/escapemc/teammadnessmod/items/escapemc_armor.java" md5: f2bdda93c499e42a0e6a86ee21173347
endProcessing "com/github/escapemc/teammadnessmod/items/escapemc_armor.java"

startProcessing "com/github/escapemc/teammadnessmod/items/escapemc_axe.java" md5: 6a302ca02f302b9b72d00c397718ade5
endProcessing "com/github/escapemc/teammadnessmod/items/escapemc_axe.java"

startProcessing "com/github/escapemc/teammadnessmod/items/escapemc_hoe.java" md5: ada130ffae794a668064aae5dc247c98
endProcessing "com/github/escapemc/teammadnessmod/items/escapemc_hoe.java"

startProcessing "com/github/escapemc/teammadnessmod/items/escapemc_ingot.java" md5: fa5bb4138a4826bef548be278db584fa
endProcessing "com/github/escapemc/teammadnessmod/items/escapemc_ingot.java"

startProcessing "com/github/escapemc/teammadnessmod/items/escapemc_pickaxe.java" md5: 1107a0a988bf8d99969160c0a1d2db91
endProcessing "com/github/escapemc/teammadnessmod/items/escapemc_pickaxe.java"

startProcessing "com/github/escapemc/teammadnessmod/items/escapemc_shovel.java" md5: 5cd3120839e7eaf1d8dc50ce418a3549
endProcessing "com/github/escapemc/teammadnessmod/items/escapemc_shovel.java"

startProcessing "com/github/escapemc/teammadnessmod/items/escapemc_sword.java" md5: 711af19fb95bfc9ab5924018ee62b1c4
endProcessing "com/github/escapemc/teammadnessmod/items/escapemc_sword.java"

startProcessing "com/github/escapemc/teammadnessmod/items/etc_armor.java" md5: 709c60c4ba1fc20f85f4c9c45355f7f6
endProcessing "com/github/escapemc/teammadnessmod/items/etc_armor.java"

startProcessing "com/github/escapemc/teammadnessmod/items/haste_wand.java" md5: fed5ff3ec3c7c8192df492a32dd4c1ea
endProcessing "com/github/escapemc/teammadnessmod/items/haste_wand.java"

startProcessing "com/github/escapemc/teammadnessmod/items/ian_bow.java" md5: 3afba7345e44c19513fdfc7bd121e3ea
endProcessing "com/github/escapemc/teammadnessmod/items/ian_bow.java"

startProcessing "com/github/escapemc/teammadnessmod/items/ianplaysyt_armor.java" md5: bba3743ca54bb08007ec6ce0d5e1767e
endProcessing "com/github/escapemc/teammadnessmod/items/ianplaysyt_armor.java"

startProcessing "com/github/escapemc/teammadnessmod/items/ianplaysyt_axe.java" md5: 33df35e53e147eef46fbc8a847a2daa6
endProcessing "com/github/escapemc/teammadnessmod/items/ianplaysyt_axe.java"

startProcessing "com/github/escapemc/teammadnessmod/items/ianplaysyt_hoe.java" md5: f5dea88a0cb49c7a894545ae19f1a678
endProcessing "com/github/escapemc/teammadnessmod/items/ianplaysyt_hoe.java"

startProcessing "com/github/escapemc/teammadnessmod/items/ianplaysyt_ingot.java" md5: 09a49a26bb7a736a1a5ce7ba7a34b082
endProcessing "com/github/escapemc/teammadnessmod/items/ianplaysyt_ingot.java"

startProcessing "com/github/escapemc/teammadnessmod/items/ianplaysyt_pickaxe.java" md5: 6b109d57bd8131d0d80378fa52ce17fe
endProcessing "com/github/escapemc/teammadnessmod/items/ianplaysyt_pickaxe.java"

startProcessing "com/github/escapemc/teammadnessmod/items/ianplaysyt_shovel.java" md5: ee74c4a73bc43d26582298c993ebacba
endProcessing "com/github/escapemc/teammadnessmod/items/ianplaysyt_shovel.java"

startProcessing "com/github/escapemc/teammadnessmod/items/ianplaysyt_sword.java" md5: 6fcbddf781b73ae15afbb4213b78f05a
endProcessing "com/github/escapemc/teammadnessmod/items/ianplaysyt_sword.java"

startProcessing "com/github/escapemc/teammadnessmod/items/jonahjoe2002_armor.java" md5: 54173daca4b1a9eccedd9ab8a68139a1
endProcessing "com/github/escapemc/teammadnessmod/items/jonahjoe2002_armor.java"

startProcessing "com/github/escapemc/teammadnessmod/items/jonahjoe2002_axe.java" md5: 5363ce81b459f6f23faa548c9d6e4264
endProcessing "com/github/escapemc/teammadnessmod/items/jonahjoe2002_axe.java"

startProcessing "com/github/escapemc/teammadnessmod/items/jonahjoe2002_hoe.java" md5: 11de173a83457fa45d76310753226c08
endProcessing "com/github/escapemc/teammadnessmod/items/jonahjoe2002_hoe.java"

startProcessing "com/github/escapemc/teammadnessmod/items/jonahjoe2002_ingot.java" md5: 93a2aa65f358c2fe55b8d031ad17f1cc
endProcessing "com/github/escapemc/teammadnessmod/items/jonahjoe2002_ingot.java"

startProcessing "com/github/escapemc/teammadnessmod/items/jonahjoe2002_pickaxe.java" md5: 467aaab89deb015ad9743bbdcea32c60
endProcessing "com/github/escapemc/teammadnessmod/items/jonahjoe2002_pickaxe.java"

startProcessing "com/github/escapemc/teammadnessmod/items/jonahjoe2002_shovel.java" md5: 1af1ec4801e0e7bf82343636762cfed5
endProcessing "com/github/escapemc/teammadnessmod/items/jonahjoe2002_shovel.java"

startProcessing "com/github/escapemc/teammadnessmod/items/jonahjoe2002_sword.java" md5: 5f9139b22bf64dfde1c4c6d41ae02d01
endProcessing "com/github/escapemc/teammadnessmod/items/jonahjoe2002_sword.java"

startProcessing "com/github/escapemc/teammadnessmod/items/jump_boost_wand.java" md5: 70adbea538f93b438c64fe912ab1643e
endProcessing "com/github/escapemc/teammadnessmod/items/jump_boost_wand.java"

startProcessing "com/github/escapemc/teammadnessmod/items/madness_armor.java" md5: 0b7a240a5a1dc8f75f6ffcf492e5e306
endProcessing "com/github/escapemc/teammadnessmod/items/madness_armor.java"

startProcessing "com/github/escapemc/teammadnessmod/items/madness_axe.java" md5: 7f22283425d48398d7a7fb871bc75423
endProcessing "com/github/escapemc/teammadnessmod/items/madness_axe.java"

startProcessing "com/github/escapemc/teammadnessmod/items/madness_dust.java" md5: ed36e40c4afe4a0dd6190a37e03506ea
endProcessing "com/github/escapemc/teammadnessmod/items/madness_dust.java"

startProcessing "com/github/escapemc/teammadnessmod/items/madness_hoe.java" md5: 042ec1da16cf3f5e84243da4e10247a4
endProcessing "com/github/escapemc/teammadnessmod/items/madness_hoe.java"

startProcessing "com/github/escapemc/teammadnessmod/items/madness_ingot.java" md5: 70305ac4b1fa2cee8c4ed8eeedcf3362
endProcessing "com/github/escapemc/teammadnessmod/items/madness_ingot.java"

startProcessing "com/github/escapemc/teammadnessmod/items/madness_pickaxe.java" md5: 4d55d86bca813f0c6bf7b1f6f6ca5bdb
endProcessing "com/github/escapemc/teammadnessmod/items/madness_pickaxe.java"

startProcessing "com/github/escapemc/teammadnessmod/items/madness_shard.java" md5: 980b48b026d9e1d021e860adfe3761d5
endProcessing "com/github/escapemc/teammadnessmod/items/madness_shard.java"

startProcessing "com/github/escapemc/teammadnessmod/items/madness_shovel.java" md5: e8c2df7e72ae9817df66536dfb39d999
endProcessing "com/github/escapemc/teammadnessmod/items/madness_shovel.java"

startProcessing "com/github/escapemc/teammadnessmod/items/madness_sword.java" md5: 40df2d5ace494969317391d3520d82bb
endProcessing "com/github/escapemc/teammadnessmod/items/madness_sword.java"

startProcessing "com/github/escapemc/teammadnessmod/items/midm.java" md5: e796577ea79e94ebdc71974de71b0291
endProcessing "com/github/escapemc/teammadnessmod/items/midm.java"

startProcessing "com/github/escapemc/teammadnessmod/items/mushrromstew_armor.java" md5: 669d1cf60fecd4481c0c0fd1fcbb0e20
endProcessing "com/github/escapemc/teammadnessmod/items/mushrromstew_armor.java"

startProcessing "com/github/escapemc/teammadnessmod/items/mushrromstew_axe.java" md5: 619997b782fe24b63fa8321264c35995
endProcessing "com/github/escapemc/teammadnessmod/items/mushrromstew_axe.java"

startProcessing "com/github/escapemc/teammadnessmod/items/mushrromstew_hoe.java" md5: e19edc8318c9d675205811ced08d67b7
endProcessing "com/github/escapemc/teammadnessmod/items/mushrromstew_hoe.java"

startProcessing "com/github/escapemc/teammadnessmod/items/mushrromstew_ingot.java" md5: 8ba46e793c1cb404503c44b5000c54df
endProcessing "com/github/escapemc/teammadnessmod/items/mushrromstew_ingot.java"

startProcessing "com/github/escapemc/teammadnessmod/items/mushrromstew_pickaxe.java" md5: 7af955f407243f3f24e3d54dd1f5d825
endProcessing "com/github/escapemc/teammadnessmod/items/mushrromstew_pickaxe.java"

startProcessing "com/github/escapemc/teammadnessmod/items/mushrromstew_shovel.java" md5: 52447efdf0ad13846cc5be5c17564310
endProcessing "com/github/escapemc/teammadnessmod/items/mushrromstew_shovel.java"

startProcessing "com/github/escapemc/teammadnessmod/items/mushrromstew_sword.java" md5: f0b4a2c068089eabba4e26fd9dd43b2f
endProcessing "com/github/escapemc/teammadnessmod/items/mushrromstew_sword.java"

startProcessing "com/github/escapemc/teammadnessmod/items/nick_bag.java" md5: b4bad36d1125676466bce7bc111269ba
endProcessing "com/github/escapemc/teammadnessmod/items/nick_bag.java"

startProcessing "com/github/escapemc/teammadnessmod/items/rabbit_taco.java" md5: 12861cb9c776d38640dfb8db6f2e082f
endProcessing "com/github/escapemc/teammadnessmod/items/rabbit_taco.java"

startProcessing "com/github/escapemc/teammadnessmod/items/speed_wand.java" md5: d7ceef897c31a1b078cca7ac0f68b03d
endProcessing "com/github/escapemc/teammadnessmod/items/speed_wand.java"

startProcessing "com/github/escapemc/teammadnessmod/items/tortilla.java" md5: aad799cd57f9ce6252567ad35ef19e3b
endProcessing "com/github/escapemc/teammadnessmod/items/tortilla.java"

startProcessing "com/github/escapemc/teammadnessmod/items/water_breathing_wand.java" md5: 673ef9ad327c86b21913da3656768cfb
endProcessing "com/github/escapemc/teammadnessmod/items/water_breathing_wand.java"

startProcessing "com/github/escapemc/teammadnessmod/proxies/ClientProxy.java" md5: ab6b2b699930fd3a0f1264ca86e52248
endProcessing "com/github/escapemc/teammadnessmod/proxies/ClientProxy.java"

startProcessing "com/github/escapemc/teammadnessmod/proxies/CommonProxy.java" md5: 420f095ba9354163d176d91fa6c456b5
endProcessing "com/github/escapemc/teammadnessmod/proxies/CommonProxy.java"

startProcessing "com/github/escapemc/teammadnessmod/proxies/ServerProxy.java" md5: 0342e5398c18e557450b76b7742877d5
endProcessing "com/github/escapemc/teammadnessmod/proxies/ServerProxy.java"

startProcessing "com/github/escapemc/teammadnessmod/tileentity/TileEntityBlackHole.java" md5: e0648eddec978a712d3507cfedbf7019
endProcessing "com/github/escapemc/teammadnessmod/tileentity/TileEntityBlackHole.java"

startProcessing "com/github/escapemc/teammadnessmod/tileentity/TileEntityMadnessChest.java" md5: d72cfee8279ff2f193fadf176f5fbe82
endProcessing "com/github/escapemc/teammadnessmod/tileentity/TileEntityMadnessChest.java"

startProcessing "com/github/escapemc/teammadnessmod/tileentity/TileEntityMadnessFurnace.java" md5: c803b3645724ac5744268c78e939b340
endProcessing "com/github/escapemc/teammadnessmod/tileentity/TileEntityMadnessFurnace.java"

startProcessing "com/github/escapemc/teammadnessmod/world/world_gen.java" md5: 2ca82e7941a674d245397c6874efa82e
endProcessing "com/github/escapemc/teammadnessmod/world/world_gen.java"

